<?xml version="1.0" encoding="UTF-8"?>
<robot generator="Robot 7.2.2 (Python 3.13.2 on win32)" generated="2025-03-20T00:07:30.613733" rpa="false" schemaversion="5">
<suite id="s1" name="Cadastro" source="C:\Users\biaar\OneDrive\Área de Trabalho\Teste-Automatizado-Robot-Framework\testes\cadastro.robot">
<test id="s1-t1" name="Cenario 1: Cadastro bem-sucedido" line="28">
<kw name="Abrir site">
<kw name="Open Browser" owner="SeleniumLibrary">
<msg time="2025-03-20T00:07:31.317547" level="INFO">Opening browser 'chrome' to base url 'https://teste-estagiarios.vercel.app/'.</msg>
<arg>${URL}</arg>
<arg>${BROWSER}</arg>
<doc>Opens a new browser instance to the optional ``url``.</doc>
<status status="PASS" start="2025-03-20T00:07:31.316839" elapsed="2.921475"/>
</kw>
<kw name="Maximize Browser Window" owner="SeleniumLibrary">
<doc>Maximizes current browser window.</doc>
<status status="PASS" start="2025-03-20T00:07:34.238972" elapsed="0.057950"/>
</kw>
<status status="PASS" start="2025-03-20T00:07:31.314998" elapsed="2.982796"/>
</kw>
<kw name="Clicar no botão central de inicio">
<kw name="Click Button" owner="SeleniumLibrary">
<msg time="2025-03-20T00:07:34.301046" level="INFO">Clicking button 'xpath=/html/body/div/div/div/a'.</msg>
<msg time="2025-03-20T00:07:34.545589" level="INFO" html="true">&lt;/td&gt;&lt;/tr&gt;&lt;tr&gt;&lt;td colspan="3"&gt;&lt;a href="selenium-screenshot-3.png"&gt;&lt;img src="selenium-screenshot-3.png" width="800px"&gt;&lt;/a&gt;</msg>
<msg time="2025-03-20T00:07:34.546264" level="FAIL">Button with locator 'xpath=/html/body/div/div/div/a' not found.</msg>
<arg>${button_home}</arg>
<doc>Clicks the button identified by ``locator``.</doc>
<status status="FAIL" start="2025-03-20T00:07:34.299910" elapsed="0.252463">Button with locator 'xpath=/html/body/div/div/div/a' not found.</status>
</kw>
<kw name="Sleep" owner="BuiltIn">
<arg>2s</arg>
<doc>Pauses the test executed for the given time.</doc>
<status status="NOT RUN" start="2025-03-20T00:07:34.552692" elapsed="0.000062"/>
</kw>
<status status="FAIL" start="2025-03-20T00:07:34.298970" elapsed="0.253994">Button with locator 'xpath=/html/body/div/div/div/a' not found.</status>
</kw>
<kw name="Clicar no botao &quot;Create new account&quot;">
<status status="NOT RUN" start="2025-03-20T00:07:34.553665" elapsed="0.000121"/>
</kw>
<kw name="Preencher campos de Cadastro">
<status status="NOT RUN" start="2025-03-20T00:07:34.554403" elapsed="0.000087"/>
</kw>
<kw name="Clicar no botão &quot;Signup&quot;">
<status status="NOT RUN" start="2025-03-20T00:07:34.554956" elapsed="0.000089"/>
</kw>
<status status="FAIL" start="2025-03-20T00:07:31.313134" elapsed="3.242415">Button with locator 'xpath=/html/body/div/div/div/a' not found.</status>
</test>
<status status="FAIL" start="2025-03-20T00:07:30.618245" elapsed="3.939307"/>
</suite>
<statistics>
<total>
<stat pass="0" fail="1" skip="0">All Tests</stat>
</total>
<tag>
</tag>
<suite>
<stat name="Cadastro" id="s1" pass="0" fail="1" skip="0">Cadastro</stat>
</suite>
</statistics>
<errors>
</errors>
</robot>
